[0.015s] Invoking command in '/home/surabhi/Nav2PathFinder/build/diff_drive': CMAKE_PREFIX_PATH=${CMAKE_PREFIX_PATH}:/home/surabhi/colcon_ws/install/ur5_control:/home/surabhi/turtlesim_spiral/install/turtle_controller:/opt/ros/humble /usr/bin/cmake --build /home/surabhi/Nav2PathFinder/build/diff_drive -- -j4 -l4
[0.064s] -- Found ament_cmake: 1.3.10 (/opt/ros/humble/share/ament_cmake/cmake)
[0.223s] -- Found ament_lint_auto: 0.12.11 (/opt/ros/humble/share/ament_lint_auto/cmake)
[0.307s] -- Added test 'flake8' to check Python code syntax and style conventions
[0.308s] -- Added test 'lint_cmake' to check CMake code style
[0.309s] -- Added test 'pep257' to check Python code against some of the docstring style conventions in PEP 257
[0.314s] -- Added test 'xmllint' to check XML markup files
[0.318s] -- Configuring done
[0.324s] -- Generating done
[0.327s] -- Build files have been written to: /home/surabhi/Nav2PathFinder/build/diff_drive
[0.356s] Invoked command in '/home/surabhi/Nav2PathFinder/build/diff_drive' returned '0': CMAKE_PREFIX_PATH=${CMAKE_PREFIX_PATH}:/home/surabhi/colcon_ws/install/ur5_control:/home/surabhi/turtlesim_spiral/install/turtle_controller:/opt/ros/humble /usr/bin/cmake --build /home/surabhi/Nav2PathFinder/build/diff_drive -- -j4 -l4
[0.415s] Invoking command in '/home/surabhi/Nav2PathFinder/build/diff_drive': CMAKE_PREFIX_PATH=${CMAKE_PREFIX_PATH}:/home/surabhi/colcon_ws/install/ur5_control:/home/surabhi/turtlesim_spiral/install/turtle_controller:/opt/ros/humble /usr/bin/cmake --install /home/surabhi/Nav2PathFinder/build/diff_drive
[0.427s] -- Install configuration: ""
[0.428s] -- Installing: /home/surabhi/Nav2PathFinder/install/diff_drive/share/diff_drive/launch
[0.428s] -- Installing: /home/surabhi/Nav2PathFinder/install/diff_drive/share/diff_drive/launch/view_robot.launch.py
[0.428s] -- Up-to-date: /home/surabhi/Nav2PathFinder/install/diff_drive/share/ament_index/resource_index/package_run_dependencies/diff_drive
[0.429s] -- Installing: /home/surabhi/Nav2PathFinder/install/diff_drive/share/ament_index/resource_index/parent_prefix_path/diff_drive
[0.429s] -- Up-to-date: /home/surabhi/Nav2PathFinder/install/diff_drive/share/diff_drive/environment/ament_prefix_path.sh
[0.429s] -- Installing: /home/surabhi/Nav2PathFinder/install/diff_drive/share/diff_drive/environment/ament_prefix_path.dsv
[0.429s] -- Up-to-date: /home/surabhi/Nav2PathFinder/install/diff_drive/share/diff_drive/environment/path.sh
[0.429s] -- Installing: /home/surabhi/Nav2PathFinder/install/diff_drive/share/diff_drive/environment/path.dsv
[0.429s] -- Up-to-date: /home/surabhi/Nav2PathFinder/install/diff_drive/share/diff_drive/local_setup.bash
[0.429s] -- Up-to-date: /home/surabhi/Nav2PathFinder/install/diff_drive/share/diff_drive/local_setup.sh
[0.429s] -- Up-to-date: /home/surabhi/Nav2PathFinder/install/diff_drive/share/diff_drive/local_setup.zsh
[0.429s] -- Installing: /home/surabhi/Nav2PathFinder/install/diff_drive/share/diff_drive/local_setup.dsv
[0.429s] -- Installing: /home/surabhi/Nav2PathFinder/install/diff_drive/share/diff_drive/package.dsv
[0.429s] -- Up-to-date: /home/surabhi/Nav2PathFinder/install/diff_drive/share/ament_index/resource_index/packages/diff_drive
[0.429s] -- Up-to-date: /home/surabhi/Nav2PathFinder/install/diff_drive/share/diff_drive/cmake/diff_driveConfig.cmake
[0.429s] -- Up-to-date: /home/surabhi/Nav2PathFinder/install/diff_drive/share/diff_drive/cmake/diff_driveConfig-version.cmake
[0.429s] -- Up-to-date: /home/surabhi/Nav2PathFinder/install/diff_drive/share/diff_drive/package.xml
[0.432s] Invoked command in '/home/surabhi/Nav2PathFinder/build/diff_drive' returned '0': CMAKE_PREFIX_PATH=${CMAKE_PREFIX_PATH}:/home/surabhi/colcon_ws/install/ur5_control:/home/surabhi/turtlesim_spiral/install/turtle_controller:/opt/ros/humble /usr/bin/cmake --install /home/surabhi/Nav2PathFinder/build/diff_drive
