[0.143s] DEBUG:colcon:Command line arguments: ['/usr/bin/colcon', 'build']
[0.143s] DEBUG:colcon:Parsed command line arguments: Namespace(log_base=None, log_level=None, verb_name='build', build_base='build', install_base='install', merge_install=False, symlink_install=False, test_result_base=None, continue_on_error=False, executor='parallel', parallel_workers=4, event_handlers=None, ignore_user_meta=False, metas=['./colcon.meta'], base_paths=['.'], packages_ignore=None, packages_ignore_regex=None, paths=None, packages_up_to=None, packages_up_to_regex=None, packages_above=None, packages_above_and_dependencies=None, packages_above_depth=None, packages_select_by_dep=None, packages_skip_by_dep=None, packages_skip_up_to=None, packages_select_build_failed=False, packages_skip_build_finished=False, packages_select_test_failures=False, packages_skip_test_passed=False, packages_select=None, packages_skip=None, packages_select_regex=None, packages_skip_regex=None, packages_start=None, packages_end=None, allow_overriding=[], cmake_args=None, cmake_target=None, cmake_target_skip_unavailable=False, cmake_clean_cache=False, cmake_clean_first=False, cmake_force_configure=False, ament_cmake_args=None, catkin_cmake_args=None, catkin_skip_building_tests=False, mixin_files=None, mixin=None, verb_parser=<colcon_mixin.mixin.mixin_argument.MixinArgumentDecorator object at 0x7d61b5626dd0>, verb_extension=<colcon_core.verb.build.BuildVerb object at 0x7d61b574b490>, main=<bound method BuildVerb.main of <colcon_core.verb.build.BuildVerb object at 0x7d61b574b490>>, mixin_verb=('build',))
[0.349s] Level 1:colcon.colcon_core.package_discovery:discover_packages(colcon_meta) check parameters
[0.349s] Level 1:colcon.colcon_core.package_discovery:discover_packages(recursive) check parameters
[0.350s] Level 1:colcon.colcon_core.package_discovery:discover_packages(ignore) check parameters
[0.350s] Level 1:colcon.colcon_core.package_discovery:discover_packages(path) check parameters
[0.350s] Level 1:colcon.colcon_core.package_discovery:discover_packages(colcon_meta) discover
[0.350s] Level 1:colcon.colcon_core.package_discovery:discover_packages(recursive) discover
[0.350s] INFO:colcon.colcon_core.package_discovery:Crawling recursively for packages in '/home/surabhi/Nav2PathFinder'
[0.351s] Level 1:colcon.colcon_core.package_identification:_identify(.) by extensions ['ignore', 'ignore_ament_install']
[0.351s] Level 1:colcon.colcon_core.package_identification:_identify(.) by extension 'ignore'
[0.351s] Level 1:colcon.colcon_core.package_identification:_identify(.) by extension 'ignore_ament_install'
[0.352s] Level 1:colcon.colcon_core.package_identification:_identify(.) by extensions ['colcon_pkg']
[0.352s] Level 1:colcon.colcon_core.package_identification:_identify(.) by extension 'colcon_pkg'
[0.352s] Level 1:colcon.colcon_core.package_identification:_identify(.) by extensions ['colcon_meta']
[0.352s] Level 1:colcon.colcon_core.package_identification:_identify(.) by extension 'colcon_meta'
[0.352s] Level 1:colcon.colcon_core.package_identification:_identify(.) by extensions ['ros']
[0.352s] Level 1:colcon.colcon_core.package_identification:_identify(.) by extension 'ros'
[0.366s] Level 1:colcon.colcon_core.package_identification:_identify(.) by extensions ['cmake', 'python']
[0.367s] Level 1:colcon.colcon_core.package_identification:_identify(.) by extension 'cmake'
[0.367s] Level 1:colcon.colcon_core.package_identification:_identify(.) by extension 'python'
[0.367s] Level 1:colcon.colcon_core.package_identification:_identify(.) by extensions ['python_setup_py']
[0.367s] Level 1:colcon.colcon_core.package_identification:_identify(.) by extension 'python_setup_py'
[0.367s] Level 1:colcon.colcon_core.package_identification:_identify(build) by extensions ['ignore', 'ignore_ament_install']
[0.368s] Level 1:colcon.colcon_core.package_identification:_identify(build) by extension 'ignore'
[0.368s] Level 1:colcon.colcon_core.package_identification:_identify(build) ignored
[0.368s] Level 1:colcon.colcon_core.package_identification:_identify(install) by extensions ['ignore', 'ignore_ament_install']
[0.369s] Level 1:colcon.colcon_core.package_identification:_identify(install) by extension 'ignore'
[0.369s] Level 1:colcon.colcon_core.package_identification:_identify(install) ignored
[0.369s] Level 1:colcon.colcon_core.package_identification:_identify(log) by extensions ['ignore', 'ignore_ament_install']
[0.369s] Level 1:colcon.colcon_core.package_identification:_identify(log) by extension 'ignore'
[0.369s] Level 1:colcon.colcon_core.package_identification:_identify(log) ignored
[0.369s] Level 1:colcon.colcon_core.package_identification:_identify(src) by extensions ['ignore', 'ignore_ament_install']
[0.370s] Level 1:colcon.colcon_core.package_identification:_identify(src) by extension 'ignore'
[0.370s] Level 1:colcon.colcon_core.package_identification:_identify(src) by extension 'ignore_ament_install'
[0.370s] Level 1:colcon.colcon_core.package_identification:_identify(src) by extensions ['colcon_pkg']
[0.370s] Level 1:colcon.colcon_core.package_identification:_identify(src) by extension 'colcon_pkg'
[0.370s] Level 1:colcon.colcon_core.package_identification:_identify(src) by extensions ['colcon_meta']
[0.370s] Level 1:colcon.colcon_core.package_identification:_identify(src) by extension 'colcon_meta'
[0.370s] Level 1:colcon.colcon_core.package_identification:_identify(src) by extensions ['ros']
[0.370s] Level 1:colcon.colcon_core.package_identification:_identify(src) by extension 'ros'
[0.370s] Level 1:colcon.colcon_core.package_identification:_identify(src) by extensions ['cmake', 'python']
[0.370s] Level 1:colcon.colcon_core.package_identification:_identify(src) by extension 'cmake'
[0.371s] Level 1:colcon.colcon_core.package_identification:_identify(src) by extension 'python'
[0.371s] Level 1:colcon.colcon_core.package_identification:_identify(src) by extensions ['python_setup_py']
[0.371s] Level 1:colcon.colcon_core.package_identification:_identify(src) by extension 'python_setup_py'
[0.371s] Level 1:colcon.colcon_core.package_identification:_identify(src/diff_drive) by extensions ['ignore', 'ignore_ament_install']
[0.371s] Level 1:colcon.colcon_core.package_identification:_identify(src/diff_drive) by extension 'ignore'
[0.371s] Level 1:colcon.colcon_core.package_identification:_identify(src/diff_drive) by extension 'ignore_ament_install'
[0.371s] Level 1:colcon.colcon_core.package_identification:_identify(src/diff_drive) by extensions ['colcon_pkg']
[0.371s] Level 1:colcon.colcon_core.package_identification:_identify(src/diff_drive) by extension 'colcon_pkg'
[0.371s] Level 1:colcon.colcon_core.package_identification:_identify(src/diff_drive) by extensions ['colcon_meta']
[0.371s] Level 1:colcon.colcon_core.package_identification:_identify(src/diff_drive) by extension 'colcon_meta'
[0.371s] Level 1:colcon.colcon_core.package_identification:_identify(src/diff_drive) by extensions ['ros']
[0.371s] Level 1:colcon.colcon_core.package_identification:_identify(src/diff_drive) by extension 'ros'
[0.375s] DEBUG:colcon.colcon_core.package_identification:Package 'src/diff_drive' with type 'ros.ament_cmake' and name 'diff_drive'
[0.375s] Level 1:colcon.colcon_core.package_discovery:discover_packages(recursive) using defaults
[0.375s] Level 1:colcon.colcon_core.package_discovery:discover_packages(ignore) discover
[0.375s] Level 1:colcon.colcon_core.package_discovery:discover_packages(ignore) using defaults
[0.375s] Level 1:colcon.colcon_core.package_discovery:discover_packages(path) discover
[0.375s] Level 1:colcon.colcon_core.package_discovery:discover_packages(path) using defaults
[0.429s] Level 1:colcon.colcon_core.package_discovery:discover_packages(prefix_path) check parameters
[0.429s] Level 1:colcon.colcon_core.package_discovery:discover_packages(prefix_path) discover
[0.433s] DEBUG:colcon.colcon_installed_package_information.package_discovery:Found 1 installed packages in /home/surabhi/Nav2PathFinder/install
[0.434s] DEBUG:colcon.colcon_installed_package_information.package_discovery:Found 10 installed packages in /home/surabhi/colcon_ws/install
[0.435s] DEBUG:colcon.colcon_installed_package_information.package_discovery:Found 1 installed packages in /home/surabhi/turtlesim_spiral/install
[0.438s] DEBUG:colcon.colcon_installed_package_information.package_discovery:Found 401 installed packages in /opt/ros/humble
[0.440s] Level 1:colcon.colcon_core.package_discovery:discover_packages(prefix_path) using defaults
[0.498s] Level 5:colcon.colcon_core.verb:set package 'diff_drive' build argument 'cmake_args' from command line to 'None'
[0.499s] Level 5:colcon.colcon_core.verb:set package 'diff_drive' build argument 'cmake_target' from command line to 'None'
[0.499s] Level 5:colcon.colcon_core.verb:set package 'diff_drive' build argument 'cmake_target_skip_unavailable' from command line to 'False'
[0.499s] Level 5:colcon.colcon_core.verb:set package 'diff_drive' build argument 'cmake_clean_cache' from command line to 'False'
[0.499s] Level 5:colcon.colcon_core.verb:set package 'diff_drive' build argument 'cmake_clean_first' from command line to 'False'
[0.499s] Level 5:colcon.colcon_core.verb:set package 'diff_drive' build argument 'cmake_force_configure' from command line to 'False'
[0.499s] Level 5:colcon.colcon_core.verb:set package 'diff_drive' build argument 'ament_cmake_args' from command line to 'None'
[0.499s] Level 5:colcon.colcon_core.verb:set package 'diff_drive' build argument 'catkin_cmake_args' from command line to 'None'
[0.499s] Level 5:colcon.colcon_core.verb:set package 'diff_drive' build argument 'catkin_skip_building_tests' from command line to 'False'
[0.499s] DEBUG:colcon.colcon_core.verb:Building package 'diff_drive' with the following arguments: {'ament_cmake_args': None, 'build_base': '/home/surabhi/Nav2PathFinder/build/diff_drive', 'catkin_cmake_args': None, 'catkin_skip_building_tests': False, 'cmake_args': None, 'cmake_clean_cache': False, 'cmake_clean_first': False, 'cmake_force_configure': False, 'cmake_target': None, 'cmake_target_skip_unavailable': False, 'install_base': '/home/surabhi/Nav2PathFinder/install/diff_drive', 'merge_install': False, 'path': '/home/surabhi/Nav2PathFinder/src/diff_drive', 'symlink_install': False, 'test_result_base': None}
[0.499s] INFO:colcon.colcon_core.executor:Executing jobs using 'parallel' executor
[0.501s] DEBUG:colcon.colcon_parallel_executor.executor.parallel:run_until_complete
[0.502s] INFO:colcon.colcon_ros.task.ament_cmake.build:Building ROS package in '/home/surabhi/Nav2PathFinder/src/diff_drive' with build type 'ament_cmake'
[0.502s] INFO:colcon.colcon_cmake.task.cmake.build:Building CMake package in '/home/surabhi/Nav2PathFinder/src/diff_drive'
[0.505s] INFO:colcon.colcon_core.plugin_system:Skipping extension 'colcon_core.shell.bat': Not used on non-Windows systems
[0.506s] INFO:colcon.colcon_core.shell:Skip shell extension 'powershell' for command environment: Not usable outside of PowerShell
[0.506s] DEBUG:colcon.colcon_core.shell:Skip shell extension 'dsv' for command environment
[0.528s] DEBUG:colcon.colcon_core.event_handler.log_command:Invoking command in '/home/surabhi/Nav2PathFinder/build/diff_drive': CMAKE_PREFIX_PATH=${CMAKE_PREFIX_PATH}:/home/surabhi/colcon_ws/install/ur5_control:/home/surabhi/turtlesim_spiral/install/turtle_controller:/opt/ros/humble /usr/bin/cmake --build /home/surabhi/Nav2PathFinder/build/diff_drive -- -j4 -l4
[0.622s] DEBUG:colcon.colcon_core.event_handler.log_command:Invoked command in '/home/surabhi/Nav2PathFinder/build/diff_drive' returned '0': CMAKE_PREFIX_PATH=${CMAKE_PREFIX_PATH}:/home/surabhi/colcon_ws/install/ur5_control:/home/surabhi/turtlesim_spiral/install/turtle_controller:/opt/ros/humble /usr/bin/cmake --build /home/surabhi/Nav2PathFinder/build/diff_drive -- -j4 -l4
[0.699s] DEBUG:colcon.colcon_core.event_handler.log_command:Invoking command in '/home/surabhi/Nav2PathFinder/build/diff_drive': CMAKE_PREFIX_PATH=${CMAKE_PREFIX_PATH}:/home/surabhi/colcon_ws/install/ur5_control:/home/surabhi/turtlesim_spiral/install/turtle_controller:/opt/ros/humble /usr/bin/cmake --install /home/surabhi/Nav2PathFinder/build/diff_drive
[0.719s] Level 1:colcon.colcon_core.environment:create_environment_scripts_only(diff_drive)
[0.720s] DEBUG:colcon.colcon_core.event_handler.log_command:Invoked command in '/home/surabhi/Nav2PathFinder/build/diff_drive' returned '0': CMAKE_PREFIX_PATH=${CMAKE_PREFIX_PATH}:/home/surabhi/colcon_ws/install/ur5_control:/home/surabhi/turtlesim_spiral/install/turtle_controller:/opt/ros/humble /usr/bin/cmake --install /home/surabhi/Nav2PathFinder/build/diff_drive
[0.724s] Level 1:colcon.colcon_core.environment:checking '/home/surabhi/Nav2PathFinder/install/diff_drive' for CMake module files
[0.725s] Level 1:colcon.colcon_core.environment:checking '/home/surabhi/Nav2PathFinder/install/diff_drive' for CMake config files
[0.726s] Level 1:colcon.colcon_core.shell:create_environment_hook('diff_drive', 'cmake_prefix_path')
[0.726s] INFO:colcon.colcon_core.shell:Creating environment hook '/home/surabhi/Nav2PathFinder/install/diff_drive/share/diff_drive/hook/cmake_prefix_path.ps1'
[0.727s] INFO:colcon.colcon_core.shell:Creating environment descriptor '/home/surabhi/Nav2PathFinder/install/diff_drive/share/diff_drive/hook/cmake_prefix_path.dsv'
[0.728s] INFO:colcon.colcon_core.shell:Creating environment hook '/home/surabhi/Nav2PathFinder/install/diff_drive/share/diff_drive/hook/cmake_prefix_path.sh'
[0.731s] Level 1:colcon.colcon_core.environment:checking '/home/surabhi/Nav2PathFinder/install/diff_drive/bin'
[0.732s] Level 1:colcon.colcon_core.environment:checking '/home/surabhi/Nav2PathFinder/install/diff_drive/lib/pkgconfig/diff_drive.pc'
[0.732s] Level 1:colcon.colcon_core.environment:checking '/home/surabhi/Nav2PathFinder/install/diff_drive/lib/python3.10/site-packages'
[0.733s] Level 1:colcon.colcon_core.environment:checking '/home/surabhi/Nav2PathFinder/install/diff_drive/bin'
[0.733s] INFO:colcon.colcon_core.shell:Creating package script '/home/surabhi/Nav2PathFinder/install/diff_drive/share/diff_drive/package.ps1'
[0.735s] INFO:colcon.colcon_core.shell:Creating package descriptor '/home/surabhi/Nav2PathFinder/install/diff_drive/share/diff_drive/package.dsv'
[0.736s] INFO:colcon.colcon_core.shell:Creating package script '/home/surabhi/Nav2PathFinder/install/diff_drive/share/diff_drive/package.sh'
[0.738s] INFO:colcon.colcon_core.shell:Creating package script '/home/surabhi/Nav2PathFinder/install/diff_drive/share/diff_drive/package.bash'
[0.740s] INFO:colcon.colcon_core.shell:Creating package script '/home/surabhi/Nav2PathFinder/install/diff_drive/share/diff_drive/package.zsh'
[0.741s] Level 1:colcon.colcon_core.environment:create_file_with_runtime_dependencies(/home/surabhi/Nav2PathFinder/install/diff_drive/share/colcon-core/packages/diff_drive)
[0.801s] Level 1:colcon.colcon_core.environment:create_environment_scripts_only(diff_drive)
[0.802s] Level 1:colcon.colcon_core.environment:checking '/home/surabhi/Nav2PathFinder/install/diff_drive' for CMake module files
[0.803s] Level 1:colcon.colcon_core.environment:checking '/home/surabhi/Nav2PathFinder/install/diff_drive' for CMake config files
[0.803s] Level 1:colcon.colcon_core.shell:create_environment_hook('diff_drive', 'cmake_prefix_path')
[0.803s] INFO:colcon.colcon_core.shell:Creating environment hook '/home/surabhi/Nav2PathFinder/install/diff_drive/share/diff_drive/hook/cmake_prefix_path.ps1'
[0.804s] INFO:colcon.colcon_core.shell:Creating environment descriptor '/home/surabhi/Nav2PathFinder/install/diff_drive/share/diff_drive/hook/cmake_prefix_path.dsv'
[0.805s] INFO:colcon.colcon_core.shell:Creating environment hook '/home/surabhi/Nav2PathFinder/install/diff_drive/share/diff_drive/hook/cmake_prefix_path.sh'
[0.806s] Level 1:colcon.colcon_core.environment:checking '/home/surabhi/Nav2PathFinder/install/diff_drive/bin'
[0.806s] Level 1:colcon.colcon_core.environment:checking '/home/surabhi/Nav2PathFinder/install/diff_drive/lib/pkgconfig/diff_drive.pc'
[0.807s] Level 1:colcon.colcon_core.environment:checking '/home/surabhi/Nav2PathFinder/install/diff_drive/lib/python3.10/site-packages'
[0.807s] Level 1:colcon.colcon_core.environment:checking '/home/surabhi/Nav2PathFinder/install/diff_drive/bin'
[0.807s] INFO:colcon.colcon_core.shell:Creating package script '/home/surabhi/Nav2PathFinder/install/diff_drive/share/diff_drive/package.ps1'
[0.808s] INFO:colcon.colcon_core.shell:Creating package descriptor '/home/surabhi/Nav2PathFinder/install/diff_drive/share/diff_drive/package.dsv'
[0.809s] INFO:colcon.colcon_core.shell:Creating package script '/home/surabhi/Nav2PathFinder/install/diff_drive/share/diff_drive/package.sh'
[0.809s] INFO:colcon.colcon_core.shell:Creating package script '/home/surabhi/Nav2PathFinder/install/diff_drive/share/diff_drive/package.bash'
[0.810s] INFO:colcon.colcon_core.shell:Creating package script '/home/surabhi/Nav2PathFinder/install/diff_drive/share/diff_drive/package.zsh'
[0.811s] Level 1:colcon.colcon_core.environment:create_file_with_runtime_dependencies(/home/surabhi/Nav2PathFinder/install/diff_drive/share/colcon-core/packages/diff_drive)
[0.812s] DEBUG:colcon.colcon_parallel_executor.executor.parallel:closing loop
[0.812s] DEBUG:colcon.colcon_parallel_executor.executor.parallel:loop closed
[0.812s] DEBUG:colcon.colcon_parallel_executor.executor.parallel:run_until_complete finished with '0'
[0.812s] DEBUG:colcon.colcon_core.event_reactor:joining thread
[0.822s] INFO:colcon.colcon_core.plugin_system:Skipping extension 'colcon_notification.desktop_notification.terminal_notifier': Not used on non-Darwin systems
[0.822s] INFO:colcon.colcon_core.plugin_system:Skipping extension 'colcon_notification.desktop_notification.win32': Not used on non-Windows systems
[0.822s] INFO:colcon.colcon_notification.desktop_notification:Sending desktop notification using 'notify2'
[0.845s] DEBUG:colcon.colcon_core.event_reactor:joined thread
[0.846s] INFO:colcon.colcon_core.shell:Creating prefix script '/home/surabhi/Nav2PathFinder/install/local_setup.ps1'
[0.848s] INFO:colcon.colcon_core.shell:Creating prefix util module '/home/surabhi/Nav2PathFinder/install/_local_setup_util_ps1.py'
[0.851s] INFO:colcon.colcon_core.shell:Creating prefix chain script '/home/surabhi/Nav2PathFinder/install/setup.ps1'
[0.854s] INFO:colcon.colcon_core.shell:Creating prefix script '/home/surabhi/Nav2PathFinder/install/local_setup.sh'
[0.855s] INFO:colcon.colcon_core.shell:Creating prefix util module '/home/surabhi/Nav2PathFinder/install/_local_setup_util_sh.py'
[0.856s] INFO:colcon.colcon_core.shell:Creating prefix chain script '/home/surabhi/Nav2PathFinder/install/setup.sh'
[0.858s] INFO:colcon.colcon_core.shell:Creating prefix script '/home/surabhi/Nav2PathFinder/install/local_setup.bash'
[0.859s] INFO:colcon.colcon_core.shell:Creating prefix chain script '/home/surabhi/Nav2PathFinder/install/setup.bash'
[0.861s] INFO:colcon.colcon_core.shell:Creating prefix script '/home/surabhi/Nav2PathFinder/install/local_setup.zsh'
[0.862s] INFO:colcon.colcon_core.shell:Creating prefix chain script '/home/surabhi/Nav2PathFinder/install/setup.zsh'
