-- The C compiler identification is GNU 11.4.0
-- The CXX compiler identification is GNU 11.4.0
-- Detecting C compiler ABI info
-- Detecting C compiler ABI info - done
-- Check for working C compiler: /usr/bin/cc - skipped
-- Detecting C compile features
-- Detecting C compile features - done
-- Detecting CXX compiler ABI info
-- Detecting CXX compiler ABI info - done
-- Check for working CXX compiler: /usr/bin/c++ - skipped
-- Detecting CXX compile features
-- Detecting CXX compile features - done
-- Found ament_cmake: 1.3.10 (/opt/ros/humble/share/ament_cmake/cmake)
-- Found Python3: /usr/bin/python3 (found version "3.10.12") found components: Interpreter 
-- Found ament_lint_auto: 0.12.11 (/opt/ros/humble/share/ament_lint_auto/cmake)
-- Added test 'lint_cmake' to check CMake code style
-- Added test 'xmllint' to check XML markup files
-- Configuring done
-- Generating done
-- Build files have been written to: /home/surabhi/Nav2PathFinder/build/diff_drive
-- Install configuration: ""
-- Installing: /home/surabhi/Nav2PathFinder/install/diff_drive/share/ament_index/resource_index/package_run_dependencies/diff_drive
-- Installing: /home/surabhi/Nav2PathFinder/install/diff_drive/share/ament_index/resource_index/parent_prefix_path/diff_drive
-- Installing: /home/surabhi/Nav2PathFinder/install/diff_drive/share/diff_drive/environment/ament_prefix_path.sh
-- Installing: /home/surabhi/Nav2PathFinder/install/diff_drive/share/diff_drive/environment/ament_prefix_path.dsv
-- Installing: /home/surabhi/Nav2PathFinder/install/diff_drive/share/diff_drive/environment/path.sh
-- Installing: /home/surabhi/Nav2PathFinder/install/diff_drive/share/diff_drive/environment/path.dsv
-- Installing: /home/surabhi/Nav2PathFinder/install/diff_drive/share/diff_drive/local_setup.bash
-- Installing: /home/surabhi/Nav2PathFinder/install/diff_drive/share/diff_drive/local_setup.sh
-- Installing: /home/surabhi/Nav2PathFinder/install/diff_drive/share/diff_drive/local_setup.zsh
-- Installing: /home/surabhi/Nav2PathFinder/install/diff_drive/share/diff_drive/local_setup.dsv
-- Installing: /home/surabhi/Nav2PathFinder/install/diff_drive/share/diff_drive/package.dsv
-- Installing: /home/surabhi/Nav2PathFinder/install/diff_drive/share/ament_index/resource_index/packages/diff_drive
-- Installing: /home/surabhi/Nav2PathFinder/install/diff_drive/share/diff_drive/cmake/diff_driveConfig.cmake
-- Installing: /home/surabhi/Nav2PathFinder/install/diff_drive/share/diff_drive/cmake/diff_driveConfig-version.cmake
-- Installing: /home/surabhi/Nav2PathFinder/install/diff_drive/share/diff_drive/package.xml
