[0.016s] Invoking command in '/home/surabhi/Nav2PathFinder/build/diff_drive': CMAKE_PREFIX_PATH=${CMAKE_PREFIX_PATH}:/home/surabhi/colcon_ws/install/ur5_control:/home/surabhi/turtlesim_spiral/install/turtle_controller:/opt/ros/humble /usr/bin/cmake --build /home/surabhi/Nav2PathFinder/build/diff_drive -- -j4 -l4
[0.128s] Invoked command in '/home/surabhi/Nav2PathFinder/build/diff_drive' returned '0': CMAKE_PREFIX_PATH=${CMAKE_PREFIX_PATH}:/home/surabhi/colcon_ws/install/ur5_control:/home/surabhi/turtlesim_spiral/install/turtle_controller:/opt/ros/humble /usr/bin/cmake --build /home/surabhi/Nav2PathFinder/build/diff_drive -- -j4 -l4
[0.180s] Invoking command in '/home/surabhi/Nav2PathFinder/build/diff_drive': CMAKE_PREFIX_PATH=${CMAKE_PREFIX_PATH}:/home/surabhi/colcon_ws/install/ur5_control:/home/surabhi/turtlesim_spiral/install/turtle_controller:/opt/ros/humble /usr/bin/cmake --install /home/surabhi/Nav2PathFinder/build/diff_drive
[0.190s] -- Install configuration: ""
[0.191s] -- Up-to-date: /home/surabhi/Nav2PathFinder/install/diff_drive/share/ament_index/resource_index/package_run_dependencies/diff_drive
[0.191s] -- Up-to-date: /home/surabhi/Nav2PathFinder/install/diff_drive/share/ament_index/resource_index/parent_prefix_path/diff_drive
[0.191s] -- Up-to-date: /home/surabhi/Nav2PathFinder/install/diff_drive/share/diff_drive/environment/ament_prefix_path.sh
[0.191s] -- Up-to-date: /home/surabhi/Nav2PathFinder/install/diff_drive/share/diff_drive/environment/ament_prefix_path.dsv
[0.191s] -- Up-to-date: /home/surabhi/Nav2PathFinder/install/diff_drive/share/diff_drive/environment/path.sh
[0.191s] -- Up-to-date: /home/surabhi/Nav2PathFinder/install/diff_drive/share/diff_drive/environment/path.dsv
[0.191s] -- Up-to-date: /home/surabhi/Nav2PathFinder/install/diff_drive/share/diff_drive/local_setup.bash
[0.191s] -- Up-to-date: /home/surabhi/Nav2PathFinder/install/diff_drive/share/diff_drive/local_setup.sh
[0.191s] -- Up-to-date: /home/surabhi/Nav2PathFinder/install/diff_drive/share/diff_drive/local_setup.zsh
[0.191s] -- Up-to-date: /home/surabhi/Nav2PathFinder/install/diff_drive/share/diff_drive/local_setup.dsv
[0.191s] -- Up-to-date: /home/surabhi/Nav2PathFinder/install/diff_drive/share/diff_drive/package.dsv
[0.191s] -- Up-to-date: /home/surabhi/Nav2PathFinder/install/diff_drive/share/ament_index/resource_index/packages/diff_drive
[0.191s] -- Up-to-date: /home/surabhi/Nav2PathFinder/install/diff_drive/share/diff_drive/cmake/diff_driveConfig.cmake
[0.191s] -- Up-to-date: /home/surabhi/Nav2PathFinder/install/diff_drive/share/diff_drive/cmake/diff_driveConfig-version.cmake
[0.191s] -- Up-to-date: /home/surabhi/Nav2PathFinder/install/diff_drive/share/diff_drive/package.xml
[0.192s] Invoked command in '/home/surabhi/Nav2PathFinder/build/diff_drive' returned '0': CMAKE_PREFIX_PATH=${CMAKE_PREFIX_PATH}:/home/surabhi/colcon_ws/install/ur5_control:/home/surabhi/turtlesim_spiral/install/turtle_controller:/opt/ros/humble /usr/bin/cmake --install /home/surabhi/Nav2PathFinder/build/diff_drive
